<?xml version="1.0" encoding="UTF-8"?>
<!-- Generated by org.testng.reporters.JUnitXMLReporter -->
<testsuite hostname="DESKTOP-7VP1M3O" name="Test" tests="12" failures="2" timestamp="22 Oct 2018 04:59:19 GMT" time="220.397" errors="0">
  <testcase name="verifyRegPage" time="6.306" classname="qaclickacademy.testcases.RegisterPageTestCases"/>
  <testcase name="verifyLoginPage" time="0.097" classname="qaclickacademy.testcases.LoginPageTestCases">
    <failure type="org.openqa.selenium.WebDriverException" message="unknown error: Element &amp;lt;span&amp;gt;...&amp;lt;/span&amp;gt; is not clickable at point (1505, 15). Other element would receive the click: &amp;lt;div class=&amp;quot;listbuilder-popup-content&amp;quot;&amp;gt;...&amp;lt;/div&amp;gt;
  (Session info: chrome=69.0.3497.100)
  (Driver info: chromedriver=2.40.565498 (ea082db3280dd6843ebfb08a625e3eb905c4f5ab),platform=Windows NT 10.0.17134 x86_64) (WARNING: The server did not provide any stacktrace information)
Command duration or timeout: 0 milliseconds
Build info: version: &amp;apos;3.13.0&amp;apos;, revision: &amp;apos;2f0d292&amp;apos;, time: &amp;apos;2018-06-25T15:24:21.231Z&amp;apos;
System info: host: &amp;apos;DESKTOP-7VP1M3O&amp;apos;, ip: &amp;apos;192.168.1.26&amp;apos;, os.name: &amp;apos;Windows 10&amp;apos;, os.arch: &amp;apos;amd64&amp;apos;, os.version: &amp;apos;10.0&amp;apos;, java.version: &amp;apos;1.8.0_181&amp;apos;
Driver info: org.openqa.selenium.chrome.ChromeDriver
Capabilities {acceptInsecureCerts: false, acceptSslCerts: false, applicationCacheEnabled: false, browserConnectionEnabled: false, browserName: chrome, chrome: {chromedriverVersion: 2.40.565498 (ea082db3280dd6..., userDataDir: C:\Users\SERAJI~1\AppData\L...}, cssSelectorsEnabled: true, databaseEnabled: false, handlesAlerts: true, hasTouchScreen: false, javascriptEnabled: true, locationContextEnabled: true, mobileEmulationEnabled: false, nativeEvents: true, networkConnectionEnabled: false, pageLoadStrategy: normal, platform: XP, platformName: XP, rotatable: false, setWindowRect: true, takesHeapSnapshot: true, takesScreenshot: true, unexpectedAlertBehaviour: , unhandledPromptBehavior: , version: 69.0.3497.100, webStorageEnabled: true}
Session ID: bec59ad913d421f8c23cd9d19214d25b">
      <![CDATA[org.openqa.selenium.WebDriverException: unknown error: Element <span>...</span> is not clickable at point (1505, 15). Other element would receive the click: <div class="listbuilder-popup-content">...</div>
  (Session info: chrome=69.0.3497.100)
  (Driver info: chromedriver=2.40.565498 (ea082db3280dd6843ebfb08a625e3eb905c4f5ab),platform=Windows NT 10.0.17134 x86_64) (WARNING: The server did not provide any stacktrace information)
Command duration or timeout: 0 milliseconds
Build info: version: '3.13.0', revision: '2f0d292', time: '2018-06-25T15:24:21.231Z'
System info: host: 'DESKTOP-7VP1M3O', ip: '192.168.1.26', os.name: 'Windows 10', os.arch: 'amd64', os.version: '10.0', java.version: '1.8.0_181'
Driver info: org.openqa.selenium.chrome.ChromeDriver
Capabilities {acceptInsecureCerts: false, acceptSslCerts: false, applicationCacheEnabled: false, browserConnectionEnabled: false, browserName: chrome, chrome: {chromedriverVersion: 2.40.565498 (ea082db3280dd6..., userDataDir: C:\Users\SERAJI~1\AppData\L...}, cssSelectorsEnabled: true, databaseEnabled: false, handlesAlerts: true, hasTouchScreen: false, javascriptEnabled: true, locationContextEnabled: true, mobileEmulationEnabled: false, nativeEvents: true, networkConnectionEnabled: false, pageLoadStrategy: normal, platform: XP, platformName: XP, rotatable: false, setWindowRect: true, takesHeapSnapshot: true, takesScreenshot: true, unexpectedAlertBehaviour: , unhandledPromptBehavior: , version: 69.0.3497.100, webStorageEnabled: true}
Session ID: bec59ad913d421f8c23cd9d19214d25b
	at org.openqa.selenium.remote.ErrorHandler.createThrowable(ErrorHandler.java:214)
	at org.openqa.selenium.remote.ErrorHandler.throwIfResponseFailed(ErrorHandler.java:166)
	at org.openqa.selenium.remote.http.JsonHttpResponseCodec.reconstructValue(JsonHttpResponseCodec.java:40)
	at org.openqa.selenium.remote.http.AbstractHttpResponseCodec.decode(AbstractHttpResponseCodec.java:80)
	at org.openqa.selenium.remote.http.AbstractHttpResponseCodec.decode(AbstractHttpResponseCodec.java:44)
	at org.openqa.selenium.remote.HttpCommandExecutor.execute(HttpCommandExecutor.java:158)
	at org.openqa.selenium.remote.service.DriverCommandExecutor.execute(DriverCommandExecutor.java:83)
	at org.openqa.selenium.remote.RemoteWebDriver.execute(RemoteWebDriver.java:548)
	at org.openqa.selenium.remote.RemoteWebElement.execute(RemoteWebElement.java:276)
	at org.openqa.selenium.remote.RemoteWebElement.click(RemoteWebElement.java:83)
	at qaclickacademy.testcases.LoginPageTestCases.verifyLoginPage(LoginPageTestCases.java:33)
... Removed 28 stack frames]]>
    </failure>
  </testcase> <!-- verifyLoginPage -->
  <testcase name="verifyLandingPage" time="5.56" classname="qaclickacademy.testcases.LandingPageTestCases"/>
  <testcase name="verifyCoursePage" time="8.778" classname="qaclickacademy.testcases.LandingPageTestCases"/>
  <testcase name="verifyVideoPage" time="5.339" classname="qaclickacademy.testcases.LandingPageTestCases"/>
  <testcase name="verifyinterviewGuidePage" time="5.418" classname="qaclickacademy.testcases.LandingPageTestCases"/>
  <testcase name="verifypractisePage" time="9.142" classname="qaclickacademy.testcases.LandingPageTestCases"/>
  <testcase name="verifyblogPage" time="5.604" classname="qaclickacademy.testcases.LandingPageTestCases">
    <failure type="java.lang.AssertionError" message="expected [QAClickAcademy Blog - QAClickAcademy | Become a Test Expert] but found [QA Click Academy | Selenium,Jmeter,SoapUI,Appium,Database testing,QA Training Academy]">
      <![CDATA[java.lang.AssertionError: expected [QAClickAcademy Blog - QAClickAcademy | Become a Test Expert] but found [QA Click Academy | Selenium,Jmeter,SoapUI,Appium,Database testing,QA Training Academy]
	at qaclickacademy.testcases.LandingPageTestCases.verifyblogPage(LandingPageTestCases.java:92)
... Removed 29 stack frames]]>
    </failure>
  </testcase> <!-- verifyblogPage -->
  <testcase name="verifyaboutPage" time="5.41" classname="qaclickacademy.testcases.LandingPageTestCases"/>
  <testcase name="verifycontactPage" time="5.302" classname="qaclickacademy.testcases.LandingPageTestCases"/>
  <testcase name="verifyregisterPage" time="6.13" classname="qaclickacademy.testcases.LandingPageTestCases"/>
  <testcase name="verifyloginPage" time="5.873" classname="qaclickacademy.testcases.LandingPageTestCases"/>
</testsuite> <!-- Test -->
